\BOOKMARK [0][-]{chapter.1}{第1章 原理}{}% 1
\BOOKMARK [1][-]{section.1.1}{1.1 ニュートリノヘリシティの測定原理}{chapter.1}% 2
\BOOKMARK [1][-]{section.1.2}{1.2 ニュートリノヘリシティの測定手法}{chapter.1}% 3
\BOOKMARK [2][-]{subsection.1.2.1}{1.2.1 観測量からのニュートリノヘリシティの算出}{section.1.2}% 4
\BOOKMARK [2][-]{subsection.1.2.2}{1.2.2 線ヘリシティの測定手法}{section.1.2}% 5
\BOOKMARK [2][-]{subsection.1.2.3}{1.2.3 コンプトン散乱}{section.1.2}% 6
\BOOKMARK [1][-]{section.1.3}{1.3 実験室系でのSm*からのガンマ線エネルギー}{chapter.1}% 7
\BOOKMARK [2][-]{subsection.1.3.1}{1.3.1 Sm*静止系での議論}{section.1.3}% 8
\BOOKMARK [2][-]{subsection.1.3.2}{1.3.2 実験室系での議論}{section.1.3}% 9
\BOOKMARK [2][-]{subsection.1.3.3}{1.3.3 ローレンツブースト}{section.1.3}% 10
\BOOKMARK [0][-]{chapter.2}{第2章 実験装置及び手順}{}% 11
\BOOKMARK [1][-]{section.2.1}{2.1 装置全体図}{chapter.2}% 12
\BOOKMARK [1][-]{section.2.2}{2.2 各実験装置}{chapter.2}% 13
\BOOKMARK [2][-]{subsection.2.2.1}{2.2.1 シールド}{section.2.2}% 14
\BOOKMARK [2][-]{subsection.2.2.2}{2.2.2 散乱体}{section.2.2}% 15
\BOOKMARK [2][-]{subsection.2.2.3}{2.2.3 検出器}{section.2.2}% 16
\BOOKMARK [1][-]{section.2.3}{2.3 回路}{chapter.2}% 17
\BOOKMARK [2][-]{subsection.2.3.1}{2.3.1 回路全体図}{section.2.3}% 18
\BOOKMARK [2][-]{subsection.2.3.2}{2.3.2 反転回路}{section.2.3}% 19
\BOOKMARK [1][-]{section.2.4}{2.4 実験手順}{chapter.2}% 20
\BOOKMARK [0][-]{chapter.3}{第3章 統計}{}% 21
\BOOKMARK [1][-]{section.3.1}{3.1 統計誤差}{chapter.3}% 22
\BOOKMARK [1][-]{section.3.2}{3.2 イベント数の見積}{chapter.3}% 23
\BOOKMARK [2][-]{subsection.3.2.1}{3.2.1 崩壊核子数の計算}{section.3.2}% 24
\BOOKMARK [2][-]{subsection.3.2.2}{3.2.2 散乱体立体角の計算}{section.3.2}% 25
\BOOKMARK [2][-]{subsection.3.2.3}{3.2.3 イベント数の見積}{section.3.2}% 26
\BOOKMARK [1][-]{section.3.3}{3.3 バックグラウンドの考察}{chapter.3}% 27
\BOOKMARK [2][-]{subsection.3.3.1}{3.3.1 鉛シールドでのコンプトン散乱}{section.3.3}% 28
\BOOKMARK [2][-]{subsection.3.3.2}{3.3.2 環境放射線}{section.3.3}% 29
\BOOKMARK [2][-]{subsection.3.3.3}{3.3.3 環境放射線の測定}{section.3.3}% 30
\BOOKMARK [0][-]{chapter.4}{第4章 解析}{}% 31
\BOOKMARK [1][-]{section.4.1}{4.1 第1週の解析}{chapter.4}% 32
\BOOKMARK [1][-]{section.4.2}{4.2 第2週の解析}{chapter.4}% 33
\BOOKMARK [0][-]{chapter.5}{第5章 結果}{}% 34
\BOOKMARK [1][-]{section.5.1}{5.1 第1週の結果}{chapter.5}% 35
\BOOKMARK [1][-]{section.5.2}{5.2 第2週の結果}{chapter.5}% 36
\BOOKMARK [0][-]{chapter.6}{第6章 考察}{}% 37
\BOOKMARK [0][-]{chapter.7}{第7章 結論}{}% 38
\BOOKMARK [0][-]{chapter.7}{参考文献}{}% 39
